<?xml version="1.0" encoding="UTF-8"?>
<!-- Generated by org.testng.reporters.JUnitReportReporter -->
<testsuite skipped="0" hostname="INTUL173e72435" name="com.intuit.qbes.receiptcapture.testcases.SignInTest" tests="1" failures="0" timestamp="2020-07-17T12:44:37 IST" time="15.017" errors="0">
  <testcase name="validSignIn" time="15.017" classname="com.intuit.qbes.receiptcapture.testcases.SignInTest"/>
  <system-out/>
</testsuite> <!-- com.intuit.qbes.receiptcapture.testcases.SignInTest -->
