<?xml version="1.0" encoding="UTF-8"?>
<!-- Generated by org.testng.reporters.JUnitReportReporter -->
<testsuite skipped="0" hostname="INTUL173e72435" name="com.intuit.qbes.receiptcapture.testcases.CaptureReceiptTest" tests="1" failures="0" timestamp="2020-07-17T12:44:37 IST" time="29.403" errors="0">
  <testcase name="uploadReceiptImage" time="29.403" classname="com.intuit.qbes.receiptcapture.testcases.CaptureReceiptTest"/>
  <system-out/>
</testsuite> <!-- com.intuit.qbes.receiptcapture.testcases.CaptureReceiptTest -->
