<?xml version="1.0" encoding="UTF-8"?>
<!-- Generated by org.testng.reporters.JUnitReportReporter -->
<testsuite skipped="0" hostname="INTUL173e72435" name="com.intuit.qbes.receiptcapture.testcases.LaunchTest" tests="3" failures="0" timestamp="2020-07-17T12:44:37 IST" time="25.798" errors="0">
  <testcase name="inValidPasswordSignIn" time="10.941" classname="com.intuit.qbes.receiptcapture.testcases.LaunchTest"/>
  <system-out/>
  <testcase name="launchReceiptCapture" time="4.121" classname="com.intuit.qbes.receiptcapture.testcases.LaunchTest"/>
  <system-out/>
  <testcase name="inValidUserNameSignIn" time="10.736" classname="com.intuit.qbes.receiptcapture.testcases.LaunchTest"/>
  <system-out/>
</testsuite> <!-- com.intuit.qbes.receiptcapture.testcases.LaunchTest -->
